<?xml version="1.0" encoding="UTF-8"?>
<testsuite xmlns:xsi="http://www.w3.org/2001/XMLSchema-instance" xsi:noNamespaceSchemaLocation="https://maven.apache.org/surefire/maven-surefire-plugin/xsd/surefire-test-report-3.0.xsd" version="3.0" name="org.runner.AppTest" time="245.909" tests="8" errors="0" skipped="0" failures="0">
  <properties>
[...]
</properties>
  <testcase name="Doctor login with valid credentials" classname="Doctor Login" time="12.616">
    <system-out><![CDATA[
@run @TC1
Scenario: Doctor login with valid credentials                                                   # src/test/resources/Features/Login.feature:10
Logger initialized: stepDef.LoginStep:ERROR in 73d16e93
  Given User opens the browser                                                                  # stepDef.LoginStep.userOpensTheBrowser()
  When User opens the URL "https://acianadocisnuiprod-staging.azurewebsites.net/user/signIn"    # stepDef.LoginStep.userOpensTheURL(java.lang.String)
  Then User clicks on sign-in                                                                   # stepDef.LoginStep.userClicksOnSignIn()
  And User enters email "karthik.jambagi@archents.com" and password "Kpj@4321" and clicks login # stepDef.LoginStep.userEntersEmailAndPasswordAndClicksLogin(java.lang.String,java.lang.String)
  Then User lands on provider homepage                                                          # stepDef.LoginStep.userLandsOnProviderHomepage()
  When User clicks on logout                                                                    # stepDef.LoginStep.userClicksOnLogout()
  Then User closes browser                                                                      # stepDef.LoginStep.userClosesBrowser()
]]></system-out>
    <system-err><![CDATA[Jun 15, 2024 9:03:42 PM org.openqa.selenium.devtools.CdpVersionFinder findNearestMatch
WARNING: Unable to find an exact match for CDP version 126, returning the closest version; found: 125; Please update to a Selenium version that supports CDP version 126
]]></system-err>
  </testcase>
  <testcase name="Doctor login with invalid credentials #1" classname="Doctor Login" time="36.651">
    <system-out><![CDATA[
@run @TC2
Scenario Outline: Doctor login with invalid credentials                                      # src/test/resources/Features/Login.feature:23
Logger initialized: stepDef.LoginStep:ERROR in 73d16e93
  Given User opens the browser                                                               # stepDef.LoginStep.userOpensTheBrowser()
  When User opens the URL "https://acianadocisnuiprod-staging.azurewebsites.net/user/signIn" # stepDef.LoginStep.userOpensTheURL(java.lang.String)
  Then User clicks on sign-in                                                                # stepDef.LoginStep.userClicksOnSignIn()
  And User enters email "karthik@gmail.com" and password "Kpj@4321" and clicks login         # stepDef.LoginStep.userEntersEmailAndPasswordAndClicksLogin(java.lang.String,java.lang.String)
  And User is shown error message                                                            # stepDef.LoginStep.userIsShownErrorMessage()
  Then User closes browser                                                                   # stepDef.LoginStep.userClosesBrowser()
]]></system-out>
    <system-err><![CDATA[Jun 15, 2024 9:03:54 PM org.openqa.selenium.devtools.CdpVersionFinder findNearestMatch
WARNING: Unable to find an exact match for CDP version 126, returning the closest version; found: 125; Please update to a Selenium version that supports CDP version 126
]]></system-err>
  </testcase>
  <testcase name="Doctor login with invalid credentials #2" classname="Doctor Login" time="36.522">
    <system-out><![CDATA[
@run @TC2
Scenario Outline: Doctor login with invalid credentials                                      # src/test/resources/Features/Login.feature:24
Logger initialized: stepDef.LoginStep:ERROR in 73d16e93
  Given User opens the browser                                                               # stepDef.LoginStep.userOpensTheBrowser()
  When User opens the URL "https://acianadocisnuiprod-staging.azurewebsites.net/user/signIn" # stepDef.LoginStep.userOpensTheURL(java.lang.String)
  Then User clicks on sign-in                                                                # stepDef.LoginStep.userClicksOnSignIn()
  And User enters email "karthik" and password "Kpj@4321" and clicks login                   # stepDef.LoginStep.userEntersEmailAndPasswordAndClicksLogin(java.lang.String,java.lang.String)
  And User is shown error message                                                            # stepDef.LoginStep.userIsShownErrorMessage()
  Then User closes browser                                                                   # stepDef.LoginStep.userClosesBrowser()
]]></system-out>
    <system-err><![CDATA[Jun 15, 2024 9:04:31 PM org.openqa.selenium.devtools.CdpVersionFinder findNearestMatch
WARNING: Unable to find an exact match for CDP version 126, returning the closest version; found: 125; Please update to a Selenium version that supports CDP version 126
]]></system-err>
  </testcase>
  <testcase name="Doctor login with invalid credentials #3" classname="Doctor Login" time="36.314">
    <system-out><![CDATA[
@run @TC2
Scenario Outline: Doctor login with invalid credentials                                         # src/test/resources/Features/Login.feature:25
Logger initialized: stepDef.LoginStep:ERROR in 73d16e93
  Given User opens the browser                                                                  # stepDef.LoginStep.userOpensTheBrowser()
  When User opens the URL "https://acianadocisnuiprod-staging.azurewebsites.net/user/signIn"    # stepDef.LoginStep.userOpensTheURL(java.lang.String)
  Then User clicks on sign-in                                                                   # stepDef.LoginStep.userClicksOnSignIn()
  And User enters email "karthik.jambagi@archents.com" and password "Kpj@1234" and clicks login # stepDef.LoginStep.userEntersEmailAndPasswordAndClicksLogin(java.lang.String,java.lang.String)
  And User is shown error message                                                               # stepDef.LoginStep.userIsShownErrorMessage()
  Then User closes browser                                                                      # stepDef.LoginStep.userClosesBrowser()
]]></system-out>
    <system-err><![CDATA[Jun 15, 2024 9:05:07 PM org.openqa.selenium.devtools.CdpVersionFinder findNearestMatch
WARNING: Unable to find an exact match for CDP version 126, returning the closest version; found: 125; Please update to a Selenium version that supports CDP version 126
]]></system-err>
  </testcase>
  <testcase name="Doctor login with invalid credentials #4" classname="Doctor Login" time="28.412">
    <system-out><![CDATA[
@run @TC2
Scenario Outline: Doctor login with invalid credentials                                      # src/test/resources/Features/Login.feature:26
Logger initialized: stepDef.LoginStep:ERROR in 73d16e93
  Given User opens the browser                                                               # stepDef.LoginStep.userOpensTheBrowser()
  When User opens the URL "https://acianadocisnuiprod-staging.azurewebsites.net/user/signIn" # stepDef.LoginStep.userOpensTheURL(java.lang.String)
  Then User clicks on sign-in                                                                # stepDef.LoginStep.userClicksOnSignIn()
  And User enters email "" and password "Kpj@1234" and clicks login                          # stepDef.LoginStep.userEntersEmailAndPasswordAndClicksLogin(java.lang.String,java.lang.String)
  And User is shown error message                                                            # stepDef.LoginStep.userIsShownErrorMessage()
  Then User closes browser                                                                   # stepDef.LoginStep.userClosesBrowser()
]]></system-out>
    <system-err><![CDATA[Jun 15, 2024 9:05:43 PM org.openqa.selenium.devtools.CdpVersionFinder findNearestMatch
WARNING: Unable to find an exact match for CDP version 126, returning the closest version; found: 125; Please update to a Selenium version that supports CDP version 126
]]></system-err>
  </testcase>
  <testcase name="Doctor login with invalid credentials #5" classname="Doctor Login" time="36.812">
    <system-out><![CDATA[
@run @TC2
Scenario Outline: Doctor login with invalid credentials                                        # src/test/resources/Features/Login.feature:27
Logger initialized: stepDef.LoginStep:ERROR in 73d16e93
  Given User opens the browser                                                                 # stepDef.LoginStep.userOpensTheBrowser()
  When User opens the URL "https://acianadocisnuiprod-staging.azurewebsites.net/user/signIn"   # stepDef.LoginStep.userOpensTheURL(java.lang.String)
  Then User clicks on sign-in                                                                  # stepDef.LoginStep.userClicksOnSignIn()
  And User enters email "karthik.jambagi@archnts.com" and password "Kpj@1234" and clicks login # stepDef.LoginStep.userEntersEmailAndPasswordAndClicksLogin(java.lang.String,java.lang.String)
  And User is shown error message                                                              # stepDef.LoginStep.userIsShownErrorMessage()
  Then User closes browser                                                                     # stepDef.LoginStep.userClosesBrowser()
]]></system-out>
    <system-err><![CDATA[Jun 15, 2024 9:06:12 PM org.openqa.selenium.devtools.CdpVersionFinder findNearestMatch
WARNING: Unable to find an exact match for CDP version 126, returning the closest version; found: 125; Please update to a Selenium version that supports CDP version 126
]]></system-err>
  </testcase>
  <testcase name="Doctor login with invalid credentials #6" classname="Doctor Login" time="28.688">
    <system-out><![CDATA[
@run @TC2
Scenario Outline: Doctor login with invalid credentials                                      # src/test/resources/Features/Login.feature:28
Logger initialized: stepDef.LoginStep:ERROR in 73d16e93
  Given User opens the browser                                                               # stepDef.LoginStep.userOpensTheBrowser()
  When User opens the URL "https://acianadocisnuiprod-staging.azurewebsites.net/user/signIn" # stepDef.LoginStep.userOpensTheURL(java.lang.String)
  Then User clicks on sign-in                                                                # stepDef.LoginStep.userClicksOnSignIn()
  And User enters email "karthik.jambagi@archnts.com" and password "" and clicks login       # stepDef.LoginStep.userEntersEmailAndPasswordAndClicksLogin(java.lang.String,java.lang.String)
  And User is shown error message                                                            # stepDef.LoginStep.userIsShownErrorMessage()
  Then User closes browser                                                                   # stepDef.LoginStep.userClosesBrowser()
]]></system-out>
    <system-err><![CDATA[Jun 15, 2024 9:06:49 PM org.openqa.selenium.devtools.CdpVersionFinder findNearestMatch
WARNING: Unable to find an exact match for CDP version 126, returning the closest version; found: 125; Please update to a Selenium version that supports CDP version 126
]]></system-err>
  </testcase>
  <testcase name="Doctor login with invalid credentials #7" classname="Doctor Login" time="28.801">
    <system-out><![CDATA[
@run @TC2
Scenario Outline: Doctor login with invalid credentials                                      # src/test/resources/Features/Login.feature:29
Logger initialized: stepDef.LoginStep:ERROR in 73d16e93
  Given User opens the browser                                                               # stepDef.LoginStep.userOpensTheBrowser()
  When User opens the URL "https://acianadocisnuiprod-staging.azurewebsites.net/user/signIn" # stepDef.LoginStep.userOpensTheURL(java.lang.String)
  Then User clicks on sign-in                                                                # stepDef.LoginStep.userClicksOnSignIn()
  And User enters email "" and password "" and clicks login                                  # stepDef.LoginStep.userEntersEmailAndPasswordAndClicksLogin(java.lang.String,java.lang.String)
  And User is shown error message                                                            # stepDef.LoginStep.userIsShownErrorMessage()
  Then User closes browser                                                                   # stepDef.LoginStep.userClosesBrowser()
]]></system-out>
    <system-err><![CDATA[Jun 15, 2024 9:07:17 PM org.openqa.selenium.devtools.CdpVersionFinder findNearestMatch
WARNING: Unable to find an exact match for CDP version 126, returning the closest version; found: 125; Please update to a Selenium version that supports CDP version 126
]]></system-err>
  </testcase>
</testsuite>